生成启动时间为 2019/11/2 13:44:33。
     1>项目“E:\仓库\宏\宏\宏.vcxproj”在节点 2 上(Build 个目标)。
     1>ClCompile:
         C:\Program Files (x86)\Microsoft Visual Studio 12.0\VC\bin\CL.exe /c /ZI /nologo /W3 /WX- /Od /Oy- /D WIN32 /D _DEBUG /D _CONSOLE /D _LIB /D _UNICODE /D UNICODE /Gm /EHsc /RTC1 /MDd /GS /fp:precise /Zc:wchar_t /Zc:forScope /Fo"Debug\\" /Fd"Debug\vc120.pdb" /Gd /TC /analyze- /errorReport:prompt Test.c
         Test.c
     1>e:\仓库\宏\宏\test.c(16): warning C4013: “printf”未定义；假设外部返回 int
     1>e:\仓库\宏\宏\test.c(17): error C2106: “=”: 左操作数必须为左值
     1>e:\仓库\宏\宏\test.c(17): error C2143: 语法错误 : 缺少“)”(在“;”的前面)
     1>e:\仓库\宏\宏\test.c(17): error C2059: 语法错误:“)”
     1>已完成生成项目“E:\仓库\宏\宏\宏.vcxproj”(Build 个目标)的操作 - 失败。

生成失败。

已用时间 00:00:00.08
